  [1m[35m (0.1ms)[0m  [1m[34mSELECT sqlite_version(*)[0m
  ↳ /Users/headyt0pper/.rvm/gems/ruby-2.3.3/bin/rake:23
  [1m[35m (4.5ms)[0m  [1m[35mCREATE TABLE "schema_migrations" ("version" varchar NOT NULL PRIMARY KEY)[0m
  ↳ /Users/headyt0pper/.rvm/gems/ruby-2.3.3/bin/rake:23
  [1m[35m (2.3ms)[0m  [1m[35mCREATE TABLE "ar_internal_metadata" ("key" varchar NOT NULL PRIMARY KEY, "value" varchar, "created_at" datetime NOT NULL, "updated_at" datetime NOT NULL)[0m
  ↳ /Users/headyt0pper/.rvm/gems/ruby-2.3.3/bin/rake:23
  [1m[35m (0.3ms)[0m  [1m[34mSELECT "schema_migrations"."version" FROM "schema_migrations" ORDER BY "schema_migrations"."version" ASC[0m
  ↳ /Users/headyt0pper/.rvm/gems/ruby-2.3.3/bin/rake:23
Migrating to CreateRecipes (20180927202301)
  [1m[35m (0.1ms)[0m  [1m[36mbegin transaction[0m
  ↳ /Users/headyt0pper/.rvm/gems/ruby-2.3.3/bin/rake:23
  [1m[35m (0.7ms)[0m  [1m[35mCREATE TABLE "recipes" ("id" integer PRIMARY KEY AUTOINCREMENT NOT NULL, "name" varchar, "user_id" integer, "created_at" datetime NOT NULL, "updated_at" datetime NOT NULL)[0m
  ↳ db/migrate/20180927202301_create_recipes.rb:3
  [1m[36mActiveRecord::SchemaMigration Create (0.4ms)[0m  [1m[32mINSERT INTO "schema_migrations" ("version") VALUES (?)[0m  [["version", "20180927202301"]]
  ↳ /Users/headyt0pper/.rvm/gems/ruby-2.3.3/bin/rake:23
  [1m[35m (2.8ms)[0m  [1m[36mcommit transaction[0m
  ↳ /Users/headyt0pper/.rvm/gems/ruby-2.3.3/bin/rake:23
Migrating to CreateIngredients (20180927202331)
  [1m[35m (0.1ms)[0m  [1m[36mbegin transaction[0m
  ↳ /Users/headyt0pper/.rvm/gems/ruby-2.3.3/bin/rake:23
  [1m[35m (0.9ms)[0m  [1m[35mCREATE TABLE "ingredients" ("id" integer PRIMARY KEY AUTOINCREMENT NOT NULL, "name" varchar, "created_at" datetime NOT NULL, "updated_at" datetime NOT NULL)[0m
  ↳ db/migrate/20180927202331_create_ingredients.rb:3
  [1m[36mActiveRecord::SchemaMigration Create (0.4ms)[0m  [1m[32mINSERT INTO "schema_migrations" ("version") VALUES (?)[0m  [["version", "20180927202331"]]
  ↳ /Users/headyt0pper/.rvm/gems/ruby-2.3.3/bin/rake:23
  [1m[35m (3.0ms)[0m  [1m[36mcommit transaction[0m
  ↳ /Users/headyt0pper/.rvm/gems/ruby-2.3.3/bin/rake:23
Migrating to CreateUsers (20180927203150)
  [1m[35m (0.1ms)[0m  [1m[36mbegin transaction[0m
  ↳ /Users/headyt0pper/.rvm/gems/ruby-2.3.3/bin/rake:23
  [1m[35m (0.7ms)[0m  [1m[35mCREATE TABLE "users" ("id" integer PRIMARY KEY AUTOINCREMENT NOT NULL, "name" varchar, "created_at" datetime NOT NULL, "updated_at" datetime NOT NULL)[0m
  ↳ db/migrate/20180927203150_create_users.rb:3
  [1m[36mActiveRecord::SchemaMigration Create (0.4ms)[0m  [1m[32mINSERT INTO "schema_migrations" ("version") VALUES (?)[0m  [["version", "20180927203150"]]
  ↳ /Users/headyt0pper/.rvm/gems/ruby-2.3.3/bin/rake:23
  [1m[35m (2.9ms)[0m  [1m[36mcommit transaction[0m
  ↳ /Users/headyt0pper/.rvm/gems/ruby-2.3.3/bin/rake:23
Migrating to CreateJoinTableRecipeIngredient (20180927204202)
  [1m[35m (0.1ms)[0m  [1m[36mbegin transaction[0m
  ↳ /Users/headyt0pper/.rvm/gems/ruby-2.3.3/bin/rake:23
  [1m[35m (0.8ms)[0m  [1m[35mCREATE TABLE "ingredients_recipes" ("recipe_id" integer NOT NULL, "ingredient_id" integer NOT NULL)[0m
  ↳ db/migrate/20180927204202_create_join_table_recipe_ingredient.rb:3
  [1m[36mActiveRecord::SchemaMigration Create (0.4ms)[0m  [1m[32mINSERT INTO "schema_migrations" ("version") VALUES (?)[0m  [["version", "20180927204202"]]
  ↳ /Users/headyt0pper/.rvm/gems/ruby-2.3.3/bin/rake:23
  [1m[35m (3.1ms)[0m  [1m[36mcommit transaction[0m
  ↳ /Users/headyt0pper/.rvm/gems/ruby-2.3.3/bin/rake:23
  [1m[36mActiveRecord::InternalMetadata Load (0.3ms)[0m  [1m[34mSELECT  "ar_internal_metadata".* FROM "ar_internal_metadata" WHERE "ar_internal_metadata"."key" = ? LIMIT ?[0m  [["key", "environment"], ["LIMIT", 1]]
  ↳ /Users/headyt0pper/.rvm/gems/ruby-2.3.3/bin/rake:23
  [1m[35m (0.1ms)[0m  [1m[36mbegin transaction[0m
  ↳ /Users/headyt0pper/.rvm/gems/ruby-2.3.3/bin/rake:23
  [1m[36mActiveRecord::InternalMetadata Create (0.9ms)[0m  [1m[32mINSERT INTO "ar_internal_metadata" ("key", "value", "created_at", "updated_at") VALUES (?, ?, ?, ?)[0m  [["key", "environment"], ["value", "development"], ["created_at", "2018-09-27 20:47:54.890618"], ["updated_at", "2018-09-27 20:47:54.890618"]]
  ↳ /Users/headyt0pper/.rvm/gems/ruby-2.3.3/bin/rake:23
  [1m[35m (3.8ms)[0m  [1m[36mcommit transaction[0m
  ↳ /Users/headyt0pper/.rvm/gems/ruby-2.3.3/bin/rake:23
  [1m[35m (0.3ms)[0m  [1m[34mSELECT "schema_migrations"."version" FROM "schema_migrations" ORDER BY "schema_migrations"."version" ASC[0m
  ↳ /Users/headyt0pper/.rvm/gems/ruby-2.3.3/bin/rake:23
  [1m[35m (2.3ms)[0m  [1m[34mSELECT "schema_migrations"."version" FROM "schema_migrations" ORDER BY "schema_migrations"."version" ASC[0m
  ↳ /Users/headyt0pper/.rvm/gems/ruby-2.3.3/bin/rake:23
  [1m[35m (0.1ms)[0m  [1m[36mbegin transaction[0m
  ↳ db/seeds.rb:9
  [1m[36mUser Create (2.7ms)[0m  [1m[32mINSERT INTO "users" ("name", "created_at", "updated_at") VALUES (?, ?, ?)[0m  [["name", "Ralph"], ["created_at", "2018-09-27 21:00:19.994001"], ["updated_at", "2018-09-27 21:00:19.994001"]]
  ↳ db/seeds.rb:9
  [1m[35m (5.4ms)[0m  [1m[36mcommit transaction[0m
  ↳ db/seeds.rb:9
  [1m[35m (0.0ms)[0m  [1m[36mbegin transaction[0m
  ↳ db/seeds.rb:10
  [1m[36mUser Create (0.4ms)[0m  [1m[32mINSERT INTO "users" ("name", "created_at", "updated_at") VALUES (?, ?, ?)[0m  [["name", "April"], ["created_at", "2018-09-27 21:00:20.004312"], ["updated_at", "2018-09-27 21:00:20.004312"]]
  ↳ db/seeds.rb:10
  [1m[35m (2.8ms)[0m  [1m[36mcommit transaction[0m
  ↳ db/seeds.rb:10
  [1m[35m (0.1ms)[0m  [1m[36mbegin transaction[0m
  ↳ db/seeds.rb:11
  [1m[36mUser Create (0.4ms)[0m  [1m[32mINSERT INTO "users" ("name", "created_at", "updated_at") VALUES (?, ?, ?)[0m  [["name", "Alex"], ["created_at", "2018-09-27 21:00:20.009540"], ["updated_at", "2018-09-27 21:00:20.009540"]]
  ↳ db/seeds.rb:11
  [1m[35m (2.7ms)[0m  [1m[36mcommit transaction[0m
  ↳ db/seeds.rb:11
  [1m[35m (2.3ms)[0m  [1m[34mSELECT "schema_migrations"."version" FROM "schema_migrations" ORDER BY "schema_migrations"."version" ASC[0m
  ↳ /Users/headyt0pper/.rvm/gems/ruby-2.3.3/bin/rake:23
  [1m[35m (0.1ms)[0m  [1m[36mbegin transaction[0m
  ↳ db/seeds.rb:9
  [1m[36mUser Create (2.7ms)[0m  [1m[32mINSERT INTO "users" ("name", "created_at", "updated_at") VALUES (?, ?, ?)[0m  [["name", "Ralph"], ["created_at", "2018-09-27 21:01:19.529649"], ["updated_at", "2018-09-27 21:01:19.529649"]]
  ↳ db/seeds.rb:9
  [1m[35m (4.3ms)[0m  [1m[36mcommit transaction[0m
  ↳ db/seeds.rb:9
  [1m[35m (0.1ms)[0m  [1m[36mbegin transaction[0m
  ↳ db/seeds.rb:10
  [1m[36mUser Create (0.5ms)[0m  [1m[32mINSERT INTO "users" ("name", "created_at", "updated_at") VALUES (?, ?, ?)[0m  [["name", "April"], ["created_at", "2018-09-27 21:01:19.539294"], ["updated_at", "2018-09-27 21:01:19.539294"]]
  ↳ db/seeds.rb:10
  [1m[35m (2.9ms)[0m  [1m[36mcommit transaction[0m
  ↳ db/seeds.rb:10
  [1m[35m (0.1ms)[0m  [1m[36mbegin transaction[0m
  ↳ db/seeds.rb:11
  [1m[36mUser Create (0.6ms)[0m  [1m[32mINSERT INTO "users" ("name", "created_at", "updated_at") VALUES (?, ?, ?)[0m  [["name", "Alex"], ["created_at", "2018-09-27 21:01:19.545157"], ["updated_at", "2018-09-27 21:01:19.545157"]]
  ↳ db/seeds.rb:11
  [1m[35m (3.2ms)[0m  [1m[36mcommit transaction[0m
  ↳ db/seeds.rb:11
  [1m[35m (0.1ms)[0m  [1m[36mbegin transaction[0m
  ↳ db/seeds.rb:13
  [1m[36mUser Load (0.6ms)[0m  [1m[34mSELECT  "users".* FROM "users" WHERE "users"."id" = ? LIMIT ?[0m  [["id", 4], ["LIMIT", 1]]
  ↳ db/seeds.rb:13
  [1m[36mRecipe Create (1.0ms)[0m  [1m[32mINSERT INTO "recipes" ("name", "user_id", "created_at", "updated_at") VALUES (?, ?, ?, ?)[0m  [["name", "Lasagna"], ["user_id", 4], ["created_at", "2018-09-27 21:01:19.622492"], ["updated_at", "2018-09-27 21:01:19.622492"]]
  ↳ db/seeds.rb:13
  [1m[35m (3.2ms)[0m  [1m[36mcommit transaction[0m
  ↳ db/seeds.rb:13
  [1m[35m (0.1ms)[0m  [1m[36mbegin transaction[0m
  ↳ db/seeds.rb:14
  [1m[36mUser Load (0.2ms)[0m  [1m[34mSELECT  "users".* FROM "users" WHERE "users"."id" = ? LIMIT ?[0m  [["id", 5], ["LIMIT", 1]]
  ↳ db/seeds.rb:14
  [1m[36mRecipe Create (0.4ms)[0m  [1m[32mINSERT INTO "recipes" ("name", "user_id", "created_at", "updated_at") VALUES (?, ?, ?, ?)[0m  [["name", "Cereal"], ["user_id", 5], ["created_at", "2018-09-27 21:01:19.630466"], ["updated_at", "2018-09-27 21:01:19.630466"]]
  ↳ db/seeds.rb:14
  [1m[35m (2.6ms)[0m  [1m[36mcommit transaction[0m
  ↳ db/seeds.rb:14
  [1m[35m (0.1ms)[0m  [1m[36mbegin transaction[0m
  ↳ db/seeds.rb:15
  [1m[36mUser Load (0.2ms)[0m  [1m[34mSELECT  "users".* FROM "users" WHERE "users"."id" = ? LIMIT ?[0m  [["id", 6], ["LIMIT", 1]]
  ↳ db/seeds.rb:15
  [1m[36mRecipe Create (0.4ms)[0m  [1m[32mINSERT INTO "recipes" ("name", "user_id", "created_at", "updated_at") VALUES (?, ?, ?, ?)[0m  [["name", "Sandwhich"], ["user_id", 6], ["created_at", "2018-09-27 21:01:19.637439"], ["updated_at", "2018-09-27 21:01:19.637439"]]
  ↳ db/seeds.rb:15
  [1m[35m (2.7ms)[0m  [1m[36mcommit transaction[0m
  ↳ db/seeds.rb:15
  [1m[35m (0.1ms)[0m  [1m[36mbegin transaction[0m
  ↳ db/seeds.rb:16
  [1m[36mUser Load (0.1ms)[0m  [1m[34mSELECT  "users".* FROM "users" WHERE "users"."id" = ? LIMIT ?[0m  [["id", 6], ["LIMIT", 1]]
  ↳ db/seeds.rb:16
  [1m[36mRecipe Create (0.3ms)[0m  [1m[32mINSERT INTO "recipes" ("name", "user_id", "created_at", "updated_at") VALUES (?, ?, ?, ?)[0m  [["name", "Ramen"], ["user_id", 6], ["created_at", "2018-09-27 21:01:19.643663"], ["updated_at", "2018-09-27 21:01:19.643663"]]
  ↳ db/seeds.rb:16
  [1m[35m (3.2ms)[0m  [1m[36mcommit transaction[0m
  ↳ db/seeds.rb:16
  [1m[35m (0.1ms)[0m  [1m[36mbegin transaction[0m
  ↳ db/seeds.rb:18
  [1m[36mIngredient Create (2.5ms)[0m  [1m[32mINSERT INTO "ingredients" ("name", "created_at", "updated_at") VALUES (?, ?, ?)[0m  [["name", "noodle"], ["created_at", "2018-09-27 21:01:19.678755"], ["updated_at", "2018-09-27 21:01:19.678755"]]
  ↳ db/seeds.rb:18
  [1m[35m (3.5ms)[0m  [1m[36mcommit transaction[0m
  ↳ db/seeds.rb:18
  [1m[35m (0.1ms)[0m  [1m[36mbegin transaction[0m
  ↳ db/seeds.rb:19
  [1m[36mIngredient Create (3.0ms)[0m  [1m[32mINSERT INTO "ingredients" ("name", "created_at", "updated_at") VALUES (?, ?, ?)[0m  [["name", "milk"], ["created_at", "2018-09-27 21:01:19.688460"], ["updated_at", "2018-09-27 21:01:19.688460"]]
  ↳ db/seeds.rb:19
  [1m[35m (2.6ms)[0m  [1m[36mcommit transaction[0m
  ↳ db/seeds.rb:19
  [1m[35m (0.1ms)[0m  [1m[36mbegin transaction[0m
  ↳ db/seeds.rb:20
  [1m[36mIngredient Create (0.4ms)[0m  [1m[32mINSERT INTO "ingredients" ("name", "created_at", "updated_at") VALUES (?, ?, ?)[0m  [["name", "peanuts"], ["created_at", "2018-09-27 21:01:19.697890"], ["updated_at", "2018-09-27 21:01:19.697890"]]
  ↳ db/seeds.rb:20
  [1m[35m (2.6ms)[0m  [1m[36mcommit transaction[0m
  ↳ db/seeds.rb:20
  [1m[35m (0.1ms)[0m  [1m[36mbegin transaction[0m
  ↳ db/seeds.rb:21
  [1m[36mIngredient Create (0.6ms)[0m  [1m[32mINSERT INTO "ingredients" ("name", "created_at", "updated_at") VALUES (?, ?, ?)[0m  [["name", "tomato"], ["created_at", "2018-09-27 21:01:19.703011"], ["updated_at", "2018-09-27 21:01:19.703011"]]
  ↳ db/seeds.rb:21
  [1m[35m (6.4ms)[0m  [1m[36mcommit transaction[0m
  ↳ db/seeds.rb:21
  [1m[35m (0.1ms)[0m  [1m[36mbegin transaction[0m
  ↳ db/seeds.rb:22
  [1m[36mIngredient Create (0.4ms)[0m  [1m[32mINSERT INTO "ingredients" ("name", "created_at", "updated_at") VALUES (?, ?, ?)[0m  [["name", "grain"], ["created_at", "2018-09-27 21:01:19.712261"], ["updated_at", "2018-09-27 21:01:19.712261"]]
  ↳ db/seeds.rb:22
  [1m[35m (2.9ms)[0m  [1m[36mcommit transaction[0m
  ↳ db/seeds.rb:22
  [1m[35m (0.0ms)[0m  [1m[36mbegin transaction[0m
  ↳ db/seeds.rb:23
  [1m[36mIngredient Create (0.4ms)[0m  [1m[32mINSERT INTO "ingredients" ("name", "created_at", "updated_at") VALUES (?, ?, ?)[0m  [["name", "cheese"], ["created_at", "2018-09-27 21:01:19.717052"], ["updated_at", "2018-09-27 21:01:19.717052"]]
  ↳ db/seeds.rb:23
  [1m[35m (6.1ms)[0m  [1m[36mcommit transaction[0m
  ↳ db/seeds.rb:23
  [1m[35m (0.1ms)[0m  [1m[36mbegin transaction[0m
  ↳ db/seeds.rb:24
  [1m[36mIngredient Create (0.4ms)[0m  [1m[32mINSERT INTO "ingredients" ("name", "created_at", "updated_at") VALUES (?, ?, ?)[0m  [["name", "broth"], ["created_at", "2018-09-27 21:01:19.725352"], ["updated_at", "2018-09-27 21:01:19.725352"]]
  ↳ db/seeds.rb:24
  [1m[35m (2.6ms)[0m  [1m[36mcommit transaction[0m
  ↳ db/seeds.rb:24
  [1m[36mRecipeIngredient Load (0.9ms)[0m  [1m[34mSELECT  "recipe_ingredients".* FROM "recipe_ingredients" LIMIT ?[0m  [["LIMIT", 11]]
  [1m[35m (2.2ms)[0m  [1m[34mSELECT "schema_migrations"."version" FROM "schema_migrations" ORDER BY "schema_migrations"."version" ASC[0m
  ↳ /Users/headyt0pper/.rvm/gems/ruby-2.3.3/bin/rake:23
  [1m[35m (0.1ms)[0m  [1m[36mbegin transaction[0m
  ↳ db/seeds.rb:9
  [1m[36mUser Create (2.7ms)[0m  [1m[32mINSERT INTO "users" ("name", "created_at", "updated_at") VALUES (?, ?, ?)[0m  [["name", "Ralph"], ["created_at", "2018-09-27 21:11:56.671522"], ["updated_at", "2018-09-27 21:11:56.671522"]]
  ↳ db/seeds.rb:9
  [1m[35m (4.5ms)[0m  [1m[36mcommit transaction[0m
  ↳ db/seeds.rb:9
  [1m[35m (0.1ms)[0m  [1m[36mbegin transaction[0m
  ↳ db/seeds.rb:10
  [1m[36mUser Create (0.5ms)[0m  [1m[32mINSERT INTO "users" ("name", "created_at", "updated_at") VALUES (?, ?, ?)[0m  [["name", "April"], ["created_at", "2018-09-27 21:11:56.681362"], ["updated_at", "2018-09-27 21:11:56.681362"]]
  ↳ db/seeds.rb:10
  [1m[35m (1.4ms)[0m  [1m[36mcommit transaction[0m
  ↳ db/seeds.rb:10
  [1m[35m (0.1ms)[0m  [1m[36mbegin transaction[0m
  ↳ db/seeds.rb:11
  [1m[36mUser Create (0.5ms)[0m  [1m[32mINSERT INTO "users" ("name", "created_at", "updated_at") VALUES (?, ?, ?)[0m  [["name", "Alex"], ["created_at", "2018-09-27 21:11:56.685845"], ["updated_at", "2018-09-27 21:11:56.685845"]]
  ↳ db/seeds.rb:11
  [1m[35m (2.8ms)[0m  [1m[36mcommit transaction[0m
  ↳ db/seeds.rb:11
  [1m[35m (0.1ms)[0m  [1m[36mbegin transaction[0m
  ↳ db/seeds.rb:13
  [1m[36mUser Load (0.6ms)[0m  [1m[34mSELECT  "users".* FROM "users" WHERE "users"."id" = ? LIMIT ?[0m  [["id", 7], ["LIMIT", 1]]
  ↳ db/seeds.rb:13
  [1m[36mRecipe Create (2.7ms)[0m  [1m[32mINSERT INTO "recipes" ("name", "user_id", "created_at", "updated_at") VALUES (?, ?, ?, ?)[0m  [["name", "Lasagna"], ["user_id", 7], ["created_at", "2018-09-27 21:11:56.748411"], ["updated_at", "2018-09-27 21:11:56.748411"]]
  ↳ db/seeds.rb:13
  [1m[35m (3.4ms)[0m  [1m[36mcommit transaction[0m
  ↳ db/seeds.rb:13
  [1m[35m (0.1ms)[0m  [1m[36mbegin transaction[0m
  ↳ db/seeds.rb:14
  [1m[36mUser Load (0.1ms)[0m  [1m[34mSELECT  "users".* FROM "users" WHERE "users"."id" = ? LIMIT ?[0m  [["id", 8], ["LIMIT", 1]]
  ↳ db/seeds.rb:14
  [1m[36mRecipe Create (0.4ms)[0m  [1m[32mINSERT INTO "recipes" ("name", "user_id", "created_at", "updated_at") VALUES (?, ?, ?, ?)[0m  [["name", "Cereal"], ["user_id", 8], ["created_at", "2018-09-27 21:11:56.766931"], ["updated_at", "2018-09-27 21:11:56.766931"]]
  ↳ db/seeds.rb:14
  [1m[35m (2.6ms)[0m  [1m[36mcommit transaction[0m
  ↳ db/seeds.rb:14
  [1m[35m (0.1ms)[0m  [1m[36mbegin transaction[0m
  ↳ db/seeds.rb:15
  [1m[36mUser Load (0.2ms)[0m  [1m[34mSELECT  "users".* FROM "users" WHERE "users"."id" = ? LIMIT ?[0m  [["id", 9], ["LIMIT", 1]]
  ↳ db/seeds.rb:15
  [1m[36mRecipe Create (0.5ms)[0m  [1m[32mINSERT INTO "recipes" ("name", "user_id", "created_at", "updated_at") VALUES (?, ?, ?, ?)[0m  [["name", "Sandwhich"], ["user_id", 9], ["created_at", "2018-09-27 21:11:56.773216"], ["updated_at", "2018-09-27 21:11:56.773216"]]
  ↳ db/seeds.rb:15
  [1m[35m (2.6ms)[0m  [1m[36mcommit transaction[0m
  ↳ db/seeds.rb:15
  [1m[35m (0.3ms)[0m  [1m[36mbegin transaction[0m
  ↳ db/seeds.rb:16
  [1m[36mUser Load (0.2ms)[0m  [1m[34mSELECT  "users".* FROM "users" WHERE "users"."id" = ? LIMIT ?[0m  [["id", 9], ["LIMIT", 1]]
  ↳ db/seeds.rb:16
  [1m[36mRecipe Create (0.4ms)[0m  [1m[32mINSERT INTO "recipes" ("name", "user_id", "created_at", "updated_at") VALUES (?, ?, ?, ?)[0m  [["name", "Ramen"], ["user_id", 9], ["created_at", "2018-09-27 21:11:56.780644"], ["updated_at", "2018-09-27 21:11:56.780644"]]
  ↳ db/seeds.rb:16
  [1m[35m (2.9ms)[0m  [1m[36mcommit transaction[0m
  ↳ db/seeds.rb:16
  [1m[35m (0.1ms)[0m  [1m[36mbegin transaction[0m
  ↳ db/seeds.rb:18
  [1m[36mIngredient Create (2.3ms)[0m  [1m[32mINSERT INTO "ingredients" ("name", "created_at", "updated_at") VALUES (?, ?, ?)[0m  [["name", "noodle"], ["created_at", "2018-09-27 21:11:56.806539"], ["updated_at", "2018-09-27 21:11:56.806539"]]
  ↳ db/seeds.rb:18
  [1m[35m (3.3ms)[0m  [1m[36mcommit transaction[0m
  ↳ db/seeds.rb:18
  [1m[35m (0.1ms)[0m  [1m[36mbegin transaction[0m
  ↳ db/seeds.rb:19
  [1m[36mIngredient Create (0.4ms)[0m  [1m[32mINSERT INTO "ingredients" ("name", "created_at", "updated_at") VALUES (?, ?, ?)[0m  [["name", "milk"], ["created_at", "2018-09-27 21:11:56.814361"], ["updated_at", "2018-09-27 21:11:56.814361"]]
  ↳ db/seeds.rb:19
  [1m[35m (2.7ms)[0m  [1m[36mcommit transaction[0m
  ↳ db/seeds.rb:19
  [1m[35m (0.1ms)[0m  [1m[36mbegin transaction[0m
  ↳ db/seeds.rb:20
  [1m[36mIngredient Create (0.6ms)[0m  [1m[32mINSERT INTO "ingredients" ("name", "created_at", "updated_at") VALUES (?, ?, ?)[0m  [["name", "peanuts"], ["created_at", "2018-09-27 21:11:56.819590"], ["updated_at", "2018-09-27 21:11:56.819590"]]
  ↳ db/seeds.rb:20
  [1m[35m (2.9ms)[0m  [1m[36mcommit transaction[0m
  ↳ db/seeds.rb:20
  [1m[35m (0.0ms)[0m  [1m[36mbegin transaction[0m
  ↳ db/seeds.rb:21
  [1m[36mIngredient Create (0.4ms)[0m  [1m[32mINSERT INTO "ingredients" ("name", "created_at", "updated_at") VALUES (?, ?, ?)[0m  [["name", "tomato"], ["created_at", "2018-09-27 21:11:56.824804"], ["updated_at", "2018-09-27 21:11:56.824804"]]
  ↳ db/seeds.rb:21
  [1m[35m (3.0ms)[0m  [1m[36mcommit transaction[0m
  ↳ db/seeds.rb:21
  [1m[35m (0.1ms)[0m  [1m[36mbegin transaction[0m
  ↳ db/seeds.rb:22
  [1m[36mIngredient Create (0.5ms)[0m  [1m[32mINSERT INTO "ingredients" ("name", "created_at", "updated_at") VALUES (?, ?, ?)[0m  [["name", "grain"], ["created_at", "2018-09-27 21:11:56.830993"], ["updated_at", "2018-09-27 21:11:56.830993"]]
  ↳ db/seeds.rb:22
  [1m[35m (2.9ms)[0m  [1m[36mcommit transaction[0m
  ↳ db/seeds.rb:22
  [1m[35m (0.1ms)[0m  [1m[36mbegin transaction[0m
  ↳ db/seeds.rb:23
  [1m[36mIngredient Create (0.4ms)[0m  [1m[32mINSERT INTO "ingredients" ("name", "created_at", "updated_at") VALUES (?, ?, ?)[0m  [["name", "cheese"], ["created_at", "2018-09-27 21:11:56.836420"], ["updated_at", "2018-09-27 21:11:56.836420"]]
  ↳ db/seeds.rb:23
  [1m[35m (2.6ms)[0m  [1m[36mcommit transaction[0m
  ↳ db/seeds.rb:23
  [1m[35m (0.1ms)[0m  [1m[36mbegin transaction[0m
  ↳ db/seeds.rb:24
  [1m[36mIngredient Create (0.4ms)[0m  [1m[32mINSERT INTO "ingredients" ("name", "created_at", "updated_at") VALUES (?, ?, ?)[0m  [["name", "broth"], ["created_at", "2018-09-27 21:11:56.841196"], ["updated_at", "2018-09-27 21:11:56.841196"]]
  ↳ db/seeds.rb:24
  [1m[35m (2.5ms)[0m  [1m[36mcommit transaction[0m
  ↳ db/seeds.rb:24
  [1m[36mUser Load (1.3ms)[0m  [1m[34mSELECT  "users".* FROM "users" LIMIT ?[0m  [["LIMIT", 11]]
  [1m[36mRecipe Load (0.6ms)[0m  [1m[34mSELECT  "recipes".* FROM "recipes" LIMIT ?[0m  [["LIMIT", 11]]
  [1m[36mIngredient Load (0.3ms)[0m  [1m[34mSELECT  "ingredients".* FROM "ingredients" LIMIT ?[0m  [["LIMIT", 11]]
  [1m[35m (2.2ms)[0m  [1m[34mSELECT "schema_migrations"."version" FROM "schema_migrations" ORDER BY "schema_migrations"."version" ASC[0m
  ↳ /Users/headyt0pper/.rvm/gems/ruby-2.3.3/bin/rake:23
  [1m[35m (0.1ms)[0m  [1m[36mbegin transaction[0m
  ↳ db/seeds.rb:9
  [1m[36mUser Create (0.6ms)[0m  [1m[32mINSERT INTO "users" ("name", "created_at", "updated_at") VALUES (?, ?, ?)[0m  [["name", "Ralph"], ["created_at", "2018-09-27 21:14:38.476440"], ["updated_at", "2018-09-27 21:14:38.476440"]]
  ↳ db/seeds.rb:9
  [1m[35m (3.5ms)[0m  [1m[36mcommit transaction[0m
  ↳ db/seeds.rb:9
  [1m[35m (0.1ms)[0m  [1m[36mbegin transaction[0m
  ↳ db/seeds.rb:10
  [1m[36mUser Create (0.5ms)[0m  [1m[32mINSERT INTO "users" ("name", "created_at", "updated_at") VALUES (?, ?, ?)[0m  [["name", "April"], ["created_at", "2018-09-27 21:14:38.482919"], ["updated_at", "2018-09-27 21:14:38.482919"]]
  ↳ db/seeds.rb:10
  [1m[35m (2.8ms)[0m  [1m[36mcommit transaction[0m
  ↳ db/seeds.rb:10
  [1m[35m (0.1ms)[0m  [1m[36mbegin transaction[0m
  ↳ db/seeds.rb:11
  [1m[36mUser Create (0.9ms)[0m  [1m[32mINSERT INTO "users" ("name", "created_at", "updated_at") VALUES (?, ?, ?)[0m  [["name", "Alex"], ["created_at", "2018-09-27 21:14:38.488691"], ["updated_at", "2018-09-27 21:14:38.488691"]]
  ↳ db/seeds.rb:11
  [1m[35m (2.9ms)[0m  [1m[36mcommit transaction[0m
  ↳ db/seeds.rb:11
  [1m[35m (0.1ms)[0m  [1m[36mbegin transaction[0m
  ↳ db/seeds.rb:13
  [1m[36mUser Load (0.2ms)[0m  [1m[34mSELECT  "users".* FROM "users" WHERE "users"."id" = ? LIMIT ?[0m  [["id", 10], ["LIMIT", 1]]
  ↳ db/seeds.rb:13
  [1m[36mRecipe Create (0.5ms)[0m  [1m[32mINSERT INTO "recipes" ("name", "user_id", "created_at", "updated_at") VALUES (?, ?, ?, ?)[0m  [["name", "Lasagna"], ["user_id", 10], ["created_at", "2018-09-27 21:14:38.546816"], ["updated_at", "2018-09-27 21:14:38.546816"]]
  ↳ db/seeds.rb:13
  [1m[35m (1.8ms)[0m  [1m[36mcommit transaction[0m
  ↳ db/seeds.rb:13
  [1m[35m (0.1ms)[0m  [1m[36mbegin transaction[0m
  ↳ db/seeds.rb:14
  [1m[36mUser Load (0.1ms)[0m  [1m[34mSELECT  "users".* FROM "users" WHERE "users"."id" = ? LIMIT ?[0m  [["id", 11], ["LIMIT", 1]]
  ↳ db/seeds.rb:14
  [1m[36mRecipe Create (0.4ms)[0m  [1m[32mINSERT INTO "recipes" ("name", "user_id", "created_at", "updated_at") VALUES (?, ?, ?, ?)[0m  [["name", "Cereal"], ["user_id", 11], ["created_at", "2018-09-27 21:14:38.552360"], ["updated_at", "2018-09-27 21:14:38.552360"]]
  ↳ db/seeds.rb:14
  [1m[35m (3.4ms)[0m  [1m[36mcommit transaction[0m
  ↳ db/seeds.rb:14
  [1m[35m (0.1ms)[0m  [1m[36mbegin transaction[0m
  ↳ db/seeds.rb:15
  [1m[36mUser Load (0.4ms)[0m  [1m[34mSELECT  "users".* FROM "users" WHERE "users"."id" = ? LIMIT ?[0m  [["id", 12], ["LIMIT", 1]]
  ↳ db/seeds.rb:15
  [1m[36mRecipe Create (0.4ms)[0m  [1m[32mINSERT INTO "recipes" ("name", "user_id", "created_at", "updated_at") VALUES (?, ?, ?, ?)[0m  [["name", "Sandwhich"], ["user_id", 12], ["created_at", "2018-09-27 21:14:38.561794"], ["updated_at", "2018-09-27 21:14:38.561794"]]
  ↳ db/seeds.rb:15
  [1m[35m (2.8ms)[0m  [1m[36mcommit transaction[0m
  ↳ db/seeds.rb:15
  [1m[35m (0.1ms)[0m  [1m[36mbegin transaction[0m
  ↳ db/seeds.rb:16
  [1m[36mUser Load (0.2ms)[0m  [1m[34mSELECT  "users".* FROM "users" WHERE "users"."id" = ? LIMIT ?[0m  [["id", 12], ["LIMIT", 1]]
  ↳ db/seeds.rb:16
  [1m[36mRecipe Create (0.4ms)[0m  [1m[32mINSERT INTO "recipes" ("name", "user_id", "created_at", "updated_at") VALUES (?, ?, ?, ?)[0m  [["name", "Ramen"], ["user_id", 12], ["created_at", "2018-09-27 21:14:38.568356"], ["updated_at", "2018-09-27 21:14:38.568356"]]
  ↳ db/seeds.rb:16
  [1m[35m (2.8ms)[0m  [1m[36mcommit transaction[0m
  ↳ db/seeds.rb:16
  [1m[35m (0.2ms)[0m  [1m[36mbegin transaction[0m
  ↳ db/seeds.rb:18
  [1m[36mIngredient Create (0.7ms)[0m  [1m[32mINSERT INTO "ingredients" ("name", "created_at", "updated_at") VALUES (?, ?, ?)[0m  [["name", "noodle"], ["created_at", "2018-09-27 21:14:38.594992"], ["updated_at", "2018-09-27 21:14:38.594992"]]
  ↳ db/seeds.rb:18
  [1m[35m (2.6ms)[0m  [1m[36mcommit transaction[0m
  ↳ db/seeds.rb:18
  [1m[35m (0.1ms)[0m  [1m[36mbegin transaction[0m
  ↳ db/seeds.rb:19
  [1m[36mIngredient Create (0.4ms)[0m  [1m[32mINSERT INTO "ingredients" ("name", "created_at", "updated_at") VALUES (?, ?, ?)[0m  [["name", "milk"], ["created_at", "2018-09-27 21:14:38.600983"], ["updated_at", "2018-09-27 21:14:38.600983"]]
  ↳ db/seeds.rb:19
  [1m[35m (2.7ms)[0m  [1m[36mcommit transaction[0m
  ↳ db/seeds.rb:19
  [1m[35m (0.1ms)[0m  [1m[36mbegin transaction[0m
  ↳ db/seeds.rb:20
  [1m[36mIngredient Create (0.5ms)[0m  [1m[32mINSERT INTO "ingredients" ("name", "created_at", "updated_at") VALUES (?, ?, ?)[0m  [["name", "peanuts"], ["created_at", "2018-09-27 21:14:38.606347"], ["updated_at", "2018-09-27 21:14:38.606347"]]
  ↳ db/seeds.rb:20
  [1m[35m (2.8ms)[0m  [1m[36mcommit transaction[0m
  ↳ db/seeds.rb:20
  [1m[35m (0.1ms)[0m  [1m[36mbegin transaction[0m
  ↳ db/seeds.rb:21
  [1m[36mIngredient Create (0.5ms)[0m  [1m[32mINSERT INTO "ingredients" ("name", "created_at", "updated_at") VALUES (?, ?, ?)[0m  [["name", "tomato"], ["created_at", "2018-09-27 21:14:38.611625"], ["updated_at", "2018-09-27 21:14:38.611625"]]
  ↳ db/seeds.rb:21
  [1m[35m (3.0ms)[0m  [1m[36mcommit transaction[0m
  ↳ db/seeds.rb:21
  [1m[35m (0.1ms)[0m  [1m[36mbegin transaction[0m
  ↳ db/seeds.rb:22
  [1m[36mIngredient Create (0.4ms)[0m  [1m[32mINSERT INTO "ingredients" ("name", "created_at", "updated_at") VALUES (?, ?, ?)[0m  [["name", "grain"], ["created_at", "2018-09-27 21:14:38.617143"], ["updated_at", "2018-09-27 21:14:38.617143"]]
  ↳ db/seeds.rb:22
  [1m[35m (3.1ms)[0m  [1m[36mcommit transaction[0m
  ↳ db/seeds.rb:22
  [1m[35m (0.1ms)[0m  [1m[36mbegin transaction[0m
  ↳ db/seeds.rb:23
  [1m[36mIngredient Create (0.4ms)[0m  [1m[32mINSERT INTO "ingredients" ("name", "created_at", "updated_at") VALUES (?, ?, ?)[0m  [["name", "cheese"], ["created_at", "2018-09-27 21:14:38.622871"], ["updated_at", "2018-09-27 21:14:38.622871"]]
  ↳ db/seeds.rb:23
  [1m[35m (3.4ms)[0m  [1m[36mcommit transaction[0m
  ↳ db/seeds.rb:23
  [1m[35m (0.1ms)[0m  [1m[36mbegin transaction[0m
  ↳ db/seeds.rb:24
  [1m[36mIngredient Create (0.6ms)[0m  [1m[32mINSERT INTO "ingredients" ("name", "created_at", "updated_at") VALUES (?, ?, ?)[0m  [["name", "broth"], ["created_at", "2018-09-27 21:14:38.628645"], ["updated_at", "2018-09-27 21:14:38.628645"]]
  ↳ db/seeds.rb:24
  [1m[35m (2.6ms)[0m  [1m[36mcommit transaction[0m
  ↳ db/seeds.rb:24
  [1m[35m (2.2ms)[0m  [1m[34mSELECT "schema_migrations"."version" FROM "schema_migrations" ORDER BY "schema_migrations"."version" ASC[0m
  ↳ /Users/headyt0pper/.rvm/gems/ruby-2.3.3/bin/rake:23
  [1m[35m (3.3ms)[0m  [1m[34mSELECT "ar_internal_metadata"."value" FROM "ar_internal_metadata" WHERE "ar_internal_metadata"."key" = ?[0m  [["key", "environment"]]
  ↳ /Users/headyt0pper/.rvm/gems/ruby-2.3.3/bin/rake:23
  [1m[35m (0.1ms)[0m  [1m[34mSELECT "schema_migrations"."version" FROM "schema_migrations" ORDER BY "schema_migrations"."version" ASC[0m
  ↳ /Users/headyt0pper/.rvm/gems/ruby-2.3.3/bin/rake:23
  [1m[35m (0.1ms)[0m  [1m[34mSELECT "ar_internal_metadata"."value" FROM "ar_internal_metadata" WHERE "ar_internal_metadata"."key" = ?[0m  [["key", "environment"]]
  ↳ /Users/headyt0pper/.rvm/gems/ruby-2.3.3/bin/rake:23
  [1m[35m (0.1ms)[0m  [1m[34mSELECT "schema_migrations"."version" FROM "schema_migrations" ORDER BY "schema_migrations"."version" ASC[0m
  ↳ /Users/headyt0pper/.rvm/gems/ruby-2.3.3/bin/rake:23
  [1m[35m (0.1ms)[0m  [1m[34mSELECT "ar_internal_metadata"."value" FROM "ar_internal_metadata" WHERE "ar_internal_metadata"."key" = ?[0m  [["key", "environment"]]
  ↳ /Users/headyt0pper/.rvm/gems/ruby-2.3.3/bin/rake:23
  [1m[35m (0.1ms)[0m  [1m[34mSELECT sqlite_version(*)[0m
  ↳ /Users/headyt0pper/.rvm/gems/ruby-2.3.3/bin/rake:23
  [1m[35m (3.7ms)[0m  [1m[35mCREATE TABLE "schema_migrations" ("version" varchar NOT NULL PRIMARY KEY)[0m
  ↳ /Users/headyt0pper/.rvm/gems/ruby-2.3.3/bin/rake:23
  [1m[35m (3.8ms)[0m  [1m[35mCREATE TABLE "ar_internal_metadata" ("key" varchar NOT NULL PRIMARY KEY, "value" varchar, "created_at" datetime NOT NULL, "updated_at" datetime NOT NULL)[0m
  ↳ /Users/headyt0pper/.rvm/gems/ruby-2.3.3/bin/rake:23
  [1m[35m (0.2ms)[0m  [1m[34mSELECT "schema_migrations"."version" FROM "schema_migrations" ORDER BY "schema_migrations"."version" ASC[0m
  ↳ /Users/headyt0pper/.rvm/gems/ruby-2.3.3/bin/rake:23
Migrating to CreateRecipes (20180927202301)
  [1m[35m (0.1ms)[0m  [1m[36mbegin transaction[0m
  ↳ /Users/headyt0pper/.rvm/gems/ruby-2.3.3/bin/rake:23
  [1m[35m (0.9ms)[0m  [1m[35mCREATE TABLE "recipes" ("id" integer PRIMARY KEY AUTOINCREMENT NOT NULL, "name" varchar, "user_id" integer, "created_at" datetime NOT NULL, "updated_at" datetime NOT NULL)[0m
  ↳ db/migrate/20180927202301_create_recipes.rb:3
  [1m[36mActiveRecord::SchemaMigration Create (0.3ms)[0m  [1m[32mINSERT INTO "schema_migrations" ("version") VALUES (?)[0m  [["version", "20180927202301"]]
  ↳ /Users/headyt0pper/.rvm/gems/ruby-2.3.3/bin/rake:23
  [1m[35m (3.3ms)[0m  [1m[36mcommit transaction[0m
  ↳ /Users/headyt0pper/.rvm/gems/ruby-2.3.3/bin/rake:23
Migrating to CreateIngredients (20180927202331)
  [1m[35m (0.1ms)[0m  [1m[36mbegin transaction[0m
  ↳ /Users/headyt0pper/.rvm/gems/ruby-2.3.3/bin/rake:23
  [1m[35m (0.6ms)[0m  [1m[35mCREATE TABLE "ingredients" ("id" integer PRIMARY KEY AUTOINCREMENT NOT NULL, "name" varchar, "created_at" datetime NOT NULL, "updated_at" datetime NOT NULL)[0m
  ↳ db/migrate/20180927202331_create_ingredients.rb:3
  [1m[36mActiveRecord::SchemaMigration Create (0.3ms)[0m  [1m[32mINSERT INTO "schema_migrations" ("version") VALUES (?)[0m  [["version", "20180927202331"]]
  ↳ /Users/headyt0pper/.rvm/gems/ruby-2.3.3/bin/rake:23
  [1m[35m (2.8ms)[0m  [1m[36mcommit transaction[0m
  ↳ /Users/headyt0pper/.rvm/gems/ruby-2.3.3/bin/rake:23
Migrating to CreateUsers (20180927203150)
  [1m[35m (0.2ms)[0m  [1m[36mbegin transaction[0m
  ↳ /Users/headyt0pper/.rvm/gems/ruby-2.3.3/bin/rake:23
  [1m[35m (0.8ms)[0m  [1m[35mCREATE TABLE "users" ("id" integer PRIMARY KEY AUTOINCREMENT NOT NULL, "name" varchar, "created_at" datetime NOT NULL, "updated_at" datetime NOT NULL)[0m
  ↳ db/migrate/20180927203150_create_users.rb:3
  [1m[36mActiveRecord::SchemaMigration Create (0.3ms)[0m  [1m[32mINSERT INTO "schema_migrations" ("version") VALUES (?)[0m  [["version", "20180927203150"]]
  ↳ /Users/headyt0pper/.rvm/gems/ruby-2.3.3/bin/rake:23
  [1m[35m (2.9ms)[0m  [1m[36mcommit transaction[0m
  ↳ /Users/headyt0pper/.rvm/gems/ruby-2.3.3/bin/rake:23
Migrating to CreateJoinTableRecipeIngredient (20180927204202)
  [1m[35m (0.1ms)[0m  [1m[36mbegin transaction[0m
  ↳ /Users/headyt0pper/.rvm/gems/ruby-2.3.3/bin/rake:23
  [1m[35m (0.9ms)[0m  [1m[35mCREATE TABLE "ingredients_recipes" ("ingredient_id" integer NOT NULL, "recipe_id" integer NOT NULL)[0m
  ↳ db/migrate/20180927204202_create_join_table_recipe_ingredient.rb:3
  [1m[36mActiveRecord::SchemaMigration Create (13.8ms)[0m  [1m[32mINSERT INTO "schema_migrations" ("version") VALUES (?)[0m  [["version", "20180927204202"]]
  ↳ /Users/headyt0pper/.rvm/gems/ruby-2.3.3/bin/rake:23
  [1m[35m (2.6ms)[0m  [1m[36mcommit transaction[0m
  ↳ /Users/headyt0pper/.rvm/gems/ruby-2.3.3/bin/rake:23
  [1m[36mActiveRecord::InternalMetadata Load (0.4ms)[0m  [1m[34mSELECT  "ar_internal_metadata".* FROM "ar_internal_metadata" WHERE "ar_internal_metadata"."key" = ? LIMIT ?[0m  [["key", "environment"], ["LIMIT", 1]]
  ↳ /Users/headyt0pper/.rvm/gems/ruby-2.3.3/bin/rake:23
  [1m[35m (0.1ms)[0m  [1m[36mbegin transaction[0m
  ↳ /Users/headyt0pper/.rvm/gems/ruby-2.3.3/bin/rake:23
  [1m[36mActiveRecord::InternalMetadata Create (0.6ms)[0m  [1m[32mINSERT INTO "ar_internal_metadata" ("key", "value", "created_at", "updated_at") VALUES (?, ?, ?, ?)[0m  [["key", "environment"], ["value", "development"], ["created_at", "2018-09-27 21:16:59.351545"], ["updated_at", "2018-09-27 21:16:59.351545"]]
  ↳ /Users/headyt0pper/.rvm/gems/ruby-2.3.3/bin/rake:23
  [1m[35m (5.2ms)[0m  [1m[36mcommit transaction[0m
  ↳ /Users/headyt0pper/.rvm/gems/ruby-2.3.3/bin/rake:23
  [1m[35m (0.4ms)[0m  [1m[34mSELECT "schema_migrations"."version" FROM "schema_migrations" ORDER BY "schema_migrations"."version" ASC[0m
  ↳ /Users/headyt0pper/.rvm/gems/ruby-2.3.3/bin/rake:23
  [1m[35m (0.5ms)[0m  [1m[34mSELECT "schema_migrations"."version" FROM "schema_migrations" ORDER BY "schema_migrations"."version" ASC[0m
  ↳ /Users/headyt0pper/.rvm/gems/ruby-2.3.3/bin/rake:23
  [1m[35m (0.1ms)[0m  [1m[36mbegin transaction[0m
  ↳ db/seeds.rb:9
  [1m[36mUser Create (3.4ms)[0m  [1m[32mINSERT INTO "users" ("name", "created_at", "updated_at") VALUES (?, ?, ?)[0m  [["name", "Ralph"], ["created_at", "2018-09-27 21:17:05.328938"], ["updated_at", "2018-09-27 21:17:05.328938"]]
  ↳ db/seeds.rb:9
  [1m[35m (2.9ms)[0m  [1m[36mcommit transaction[0m
  ↳ db/seeds.rb:9
  [1m[35m (0.1ms)[0m  [1m[36mbegin transaction[0m
  ↳ db/seeds.rb:10
  [1m[36mUser Create (0.5ms)[0m  [1m[32mINSERT INTO "users" ("name", "created_at", "updated_at") VALUES (?, ?, ?)[0m  [["name", "April"], ["created_at", "2018-09-27 21:17:05.337824"], ["updated_at", "2018-09-27 21:17:05.337824"]]
  ↳ db/seeds.rb:10
  [1m[35m (2.8ms)[0m  [1m[36mcommit transaction[0m
  ↳ db/seeds.rb:10
  [1m[35m (0.1ms)[0m  [1m[36mbegin transaction[0m
  ↳ db/seeds.rb:11
  [1m[36mUser Create (0.7ms)[0m  [1m[32mINSERT INTO "users" ("name", "created_at", "updated_at") VALUES (?, ?, ?)[0m  [["name", "Alex"], ["created_at", "2018-09-27 21:17:05.343089"], ["updated_at", "2018-09-27 21:17:05.343089"]]
  ↳ db/seeds.rb:11
  [1m[35m (1.7ms)[0m  [1m[36mcommit transaction[0m
  ↳ db/seeds.rb:11
  [1m[35m (0.1ms)[0m  [1m[36mbegin transaction[0m
  ↳ db/seeds.rb:13
  [1m[36mUser Load (0.2ms)[0m  [1m[34mSELECT  "users".* FROM "users" WHERE "users"."id" = ? LIMIT ?[0m  [["id", 1], ["LIMIT", 1]]
  ↳ db/seeds.rb:13
  [1m[36mRecipe Create (2.5ms)[0m  [1m[32mINSERT INTO "recipes" ("name", "user_id", "created_at", "updated_at") VALUES (?, ?, ?, ?)[0m  [["name", "Lasagna"], ["user_id", 1], ["created_at", "2018-09-27 21:17:05.409632"], ["updated_at", "2018-09-27 21:17:05.409632"]]
  ↳ db/seeds.rb:13
  [1m[35m (3.3ms)[0m  [1m[36mcommit transaction[0m
  ↳ db/seeds.rb:13
  [1m[35m (0.1ms)[0m  [1m[36mbegin transaction[0m
  ↳ db/seeds.rb:14
  [1m[36mUser Load (0.1ms)[0m  [1m[34mSELECT  "users".* FROM "users" WHERE "users"."id" = ? LIMIT ?[0m  [["id", 2], ["LIMIT", 1]]
  ↳ db/seeds.rb:14
  [1m[36mRecipe Create (0.4ms)[0m  [1m[32mINSERT INTO "recipes" ("name", "user_id", "created_at", "updated_at") VALUES (?, ?, ?, ?)[0m  [["name", "Cereal"], ["user_id", 2], ["created_at", "2018-09-27 21:17:05.419066"], ["updated_at", "2018-09-27 21:17:05.419066"]]
  ↳ db/seeds.rb:14
  [1m[35m (3.2ms)[0m  [1m[36mcommit transaction[0m
  ↳ db/seeds.rb:14
  [1m[35m (0.1ms)[0m  [1m[36mbegin transaction[0m
  ↳ db/seeds.rb:15
  [1m[36mUser Load (0.1ms)[0m  [1m[34mSELECT  "users".* FROM "users" WHERE "users"."id" = ? LIMIT ?[0m  [["id", 3], ["LIMIT", 1]]
  ↳ db/seeds.rb:15
  [1m[36mRecipe Create (0.5ms)[0m  [1m[32mINSERT INTO "recipes" ("name", "user_id", "created_at", "updated_at") VALUES (?, ?, ?, ?)[0m  [["name", "Sandwhich"], ["user_id", 3], ["created_at", "2018-09-27 21:17:05.426135"], ["updated_at", "2018-09-27 21:17:05.426135"]]
  ↳ db/seeds.rb:15
  [1m[35m (2.8ms)[0m  [1m[36mcommit transaction[0m
  ↳ db/seeds.rb:15
  [1m[35m (0.1ms)[0m  [1m[36mbegin transaction[0m
  ↳ db/seeds.rb:16
  [1m[36mUser Load (0.6ms)[0m  [1m[34mSELECT  "users".* FROM "users" WHERE "users"."id" = ? LIMIT ?[0m  [["id", 3], ["LIMIT", 1]]
  ↳ db/seeds.rb:16
  [1m[36mRecipe Create (0.4ms)[0m  [1m[32mINSERT INTO "recipes" ("name", "user_id", "created_at", "updated_at") VALUES (?, ?, ?, ?)[0m  [["name", "Ramen"], ["user_id", 3], ["created_at", "2018-09-27 21:17:05.433442"], ["updated_at", "2018-09-27 21:17:05.433442"]]
  ↳ db/seeds.rb:16
  [1m[35m (6.7ms)[0m  [1m[36mcommit transaction[0m
  ↳ db/seeds.rb:16
  [1m[35m (0.1ms)[0m  [1m[36mbegin transaction[0m
  ↳ db/seeds.rb:18
  [1m[36mIngredient Create (2.9ms)[0m  [1m[32mINSERT INTO "ingredients" ("name", "created_at", "updated_at") VALUES (?, ?, ?)[0m  [["name", "noodle"], ["created_at", "2018-09-27 21:17:05.466800"], ["updated_at", "2018-09-27 21:17:05.466800"]]
  ↳ db/seeds.rb:18
  [1m[35m (3.0ms)[0m  [1m[36mcommit transaction[0m
  ↳ db/seeds.rb:18
  [1m[35m (0.1ms)[0m  [1m[36mbegin transaction[0m
  ↳ db/seeds.rb:19
  [1m[36mIngredient Create (0.6ms)[0m  [1m[32mINSERT INTO "ingredients" ("name", "created_at", "updated_at") VALUES (?, ?, ?)[0m  [["name", "milk"], ["created_at", "2018-09-27 21:17:05.475044"], ["updated_at", "2018-09-27 21:17:05.475044"]]
  ↳ db/seeds.rb:19
  [1m[35m (2.6ms)[0m  [1m[36mcommit transaction[0m
  ↳ db/seeds.rb:19
  [1m[35m (0.1ms)[0m  [1m[36mbegin transaction[0m
  ↳ db/seeds.rb:20
  [1m[36mIngredient Create (0.5ms)[0m  [1m[32mINSERT INTO "ingredients" ("name", "created_at", "updated_at") VALUES (?, ?, ?)[0m  [["name", "peanuts"], ["created_at", "2018-09-27 21:17:05.480624"], ["updated_at", "2018-09-27 21:17:05.480624"]]
  ↳ db/seeds.rb:20
  [1m[35m (2.6ms)[0m  [1m[36mcommit transaction[0m
  ↳ db/seeds.rb:20
  [1m[35m (0.1ms)[0m  [1m[36mbegin transaction[0m
  ↳ db/seeds.rb:21
  [1m[36mIngredient Create (0.4ms)[0m  [1m[32mINSERT INTO "ingredients" ("name", "created_at", "updated_at") VALUES (?, ?, ?)[0m  [["name", "tomato"], ["created_at", "2018-09-27 21:17:05.485861"], ["updated_at", "2018-09-27 21:17:05.485861"]]
  ↳ db/seeds.rb:21
  [1m[35m (2.7ms)[0m  [1m[36mcommit transaction[0m
  ↳ db/seeds.rb:21
  [1m[35m (0.1ms)[0m  [1m[36mbegin transaction[0m
  ↳ db/seeds.rb:22
  [1m[36mIngredient Create (0.5ms)[0m  [1m[32mINSERT INTO "ingredients" ("name", "created_at", "updated_at") VALUES (?, ?, ?)[0m  [["name", "grain"], ["created_at", "2018-09-27 21:17:05.490907"], ["updated_at", "2018-09-27 21:17:05.490907"]]
  ↳ db/seeds.rb:22
  [1m[35m (2.9ms)[0m  [1m[36mcommit transaction[0m
  ↳ db/seeds.rb:22
  [1m[35m (0.1ms)[0m  [1m[36mbegin transaction[0m
  ↳ db/seeds.rb:23
  [1m[36mIngredient Create (0.4ms)[0m  [1m[32mINSERT INTO "ingredients" ("name", "created_at", "updated_at") VALUES (?, ?, ?)[0m  [["name", "cheese"], ["created_at", "2018-09-27 21:17:05.496273"], ["updated_at", "2018-09-27 21:17:05.496273"]]
  ↳ db/seeds.rb:23
  [1m[35m (2.7ms)[0m  [1m[36mcommit transaction[0m
  ↳ db/seeds.rb:23
  [1m[35m (0.1ms)[0m  [1m[36mbegin transaction[0m
  ↳ db/seeds.rb:24
  [1m[36mIngredient Create (0.4ms)[0m  [1m[32mINSERT INTO "ingredients" ("name", "created_at", "updated_at") VALUES (?, ?, ?)[0m  [["name", "broth"], ["created_at", "2018-09-27 21:17:05.501380"], ["updated_at", "2018-09-27 21:17:05.501380"]]
  ↳ db/seeds.rb:24
  [1m[35m (3.6ms)[0m  [1m[36mcommit transaction[0m
  ↳ db/seeds.rb:24
  [1m[35m (2.6ms)[0m  [1m[34mSELECT "schema_migrations"."version" FROM "schema_migrations" ORDER BY "schema_migrations"."version" ASC[0m
  ↳ /Users/headyt0pper/.rvm/gems/ruby-2.3.3/bin/rake:23
  [1m[35m (3.6ms)[0m  [1m[34mSELECT "ar_internal_metadata"."value" FROM "ar_internal_metadata" WHERE "ar_internal_metadata"."key" = ?[0m  [["key", "environment"]]
  ↳ /Users/headyt0pper/.rvm/gems/ruby-2.3.3/bin/rake:23
  [1m[35m (0.5ms)[0m  [1m[34mSELECT "schema_migrations"."version" FROM "schema_migrations" ORDER BY "schema_migrations"."version" ASC[0m
  ↳ /Users/headyt0pper/.rvm/gems/ruby-2.3.3/bin/rake:23
  [1m[35m (0.3ms)[0m  [1m[34mSELECT "ar_internal_metadata"."value" FROM "ar_internal_metadata" WHERE "ar_internal_metadata"."key" = ?[0m  [["key", "environment"]]
  ↳ /Users/headyt0pper/.rvm/gems/ruby-2.3.3/bin/rake:23
  [1m[35m (0.1ms)[0m  [1m[34mSELECT "schema_migrations"."version" FROM "schema_migrations" ORDER BY "schema_migrations"."version" ASC[0m
  ↳ /Users/headyt0pper/.rvm/gems/ruby-2.3.3/bin/rake:23
  [1m[35m (0.5ms)[0m  [1m[34mSELECT "ar_internal_metadata"."value" FROM "ar_internal_metadata" WHERE "ar_internal_metadata"."key" = ?[0m  [["key", "environment"]]
  ↳ /Users/headyt0pper/.rvm/gems/ruby-2.3.3/bin/rake:23
  [1m[35m (0.2ms)[0m  [1m[34mSELECT sqlite_version(*)[0m
  ↳ /Users/headyt0pper/.rvm/gems/ruby-2.3.3/bin/rake:23
  [1m[35m (2.9ms)[0m  [1m[35mCREATE TABLE "schema_migrations" ("version" varchar NOT NULL PRIMARY KEY)[0m
  ↳ /Users/headyt0pper/.rvm/gems/ruby-2.3.3/bin/rake:23
  [1m[35m (10.8ms)[0m  [1m[35mCREATE TABLE "ar_internal_metadata" ("key" varchar NOT NULL PRIMARY KEY, "value" varchar, "created_at" datetime NOT NULL, "updated_at" datetime NOT NULL)[0m
  ↳ /Users/headyt0pper/.rvm/gems/ruby-2.3.3/bin/rake:23
  [1m[35m (0.3ms)[0m  [1m[34mSELECT "schema_migrations"."version" FROM "schema_migrations" ORDER BY "schema_migrations"."version" ASC[0m
  ↳ /Users/headyt0pper/.rvm/gems/ruby-2.3.3/bin/rake:23
Migrating to CreateRecipes (20180927202301)
  [1m[35m (0.1ms)[0m  [1m[36mbegin transaction[0m
  ↳ /Users/headyt0pper/.rvm/gems/ruby-2.3.3/bin/rake:23
  [1m[35m (0.8ms)[0m  [1m[35mCREATE TABLE "recipes" ("id" integer PRIMARY KEY AUTOINCREMENT NOT NULL, "name" varchar, "user_id" integer, "created_at" datetime NOT NULL, "updated_at" datetime NOT NULL)[0m
  ↳ db/migrate/20180927202301_create_recipes.rb:3
  [1m[36mActiveRecord::SchemaMigration Create (0.4ms)[0m  [1m[32mINSERT INTO "schema_migrations" ("version") VALUES (?)[0m  [["version", "20180927202301"]]
  ↳ /Users/headyt0pper/.rvm/gems/ruby-2.3.3/bin/rake:23
  [1m[35m (3.5ms)[0m  [1m[36mcommit transaction[0m
  ↳ /Users/headyt0pper/.rvm/gems/ruby-2.3.3/bin/rake:23
Migrating to CreateIngredients (20180927202331)
  [1m[35m (0.1ms)[0m  [1m[36mbegin transaction[0m
  ↳ /Users/headyt0pper/.rvm/gems/ruby-2.3.3/bin/rake:23
  [1m[35m (0.6ms)[0m  [1m[35mCREATE TABLE "ingredients" ("id" integer PRIMARY KEY AUTOINCREMENT NOT NULL, "name" varchar, "created_at" datetime NOT NULL, "updated_at" datetime NOT NULL)[0m
  ↳ db/migrate/20180927202331_create_ingredients.rb:3
  [1m[36mActiveRecord::SchemaMigration Create (0.3ms)[0m  [1m[32mINSERT INTO "schema_migrations" ("version") VALUES (?)[0m  [["version", "20180927202331"]]
  ↳ /Users/headyt0pper/.rvm/gems/ruby-2.3.3/bin/rake:23
  [1m[35m (3.1ms)[0m  [1m[36mcommit transaction[0m
  ↳ /Users/headyt0pper/.rvm/gems/ruby-2.3.3/bin/rake:23
Migrating to CreateUsers (20180927203150)
  [1m[35m (0.1ms)[0m  [1m[36mbegin transaction[0m
  ↳ /Users/headyt0pper/.rvm/gems/ruby-2.3.3/bin/rake:23
  [1m[35m (1.1ms)[0m  [1m[35mCREATE TABLE "users" ("id" integer PRIMARY KEY AUTOINCREMENT NOT NULL, "name" varchar, "created_at" datetime NOT NULL, "updated_at" datetime NOT NULL)[0m
  ↳ db/migrate/20180927203150_create_users.rb:3
  [1m[36mActiveRecord::SchemaMigration Create (1.0ms)[0m  [1m[32mINSERT INTO "schema_migrations" ("version") VALUES (?)[0m  [["version", "20180927203150"]]
  ↳ /Users/headyt0pper/.rvm/gems/ruby-2.3.3/bin/rake:23
  [1m[35m (2.9ms)[0m  [1m[36mcommit transaction[0m
  ↳ /Users/headyt0pper/.rvm/gems/ruby-2.3.3/bin/rake:23
Migrating to CreateJoinTableRecipeIngredient (20180927204202)
  [1m[35m (2.3ms)[0m  [1m[34mSELECT "schema_migrations"."version" FROM "schema_migrations" ORDER BY "schema_migrations"."version" ASC[0m
  ↳ /Users/headyt0pper/.rvm/gems/ruby-2.3.3/bin/rake:23
  [1m[35m (3.0ms)[0m  [1m[34mSELECT "ar_internal_metadata"."value" FROM "ar_internal_metadata" WHERE "ar_internal_metadata"."key" = ?[0m  [["key", "environment"]]
  ↳ /Users/headyt0pper/.rvm/gems/ruby-2.3.3/bin/rake:23
  [1m[35m (2.4ms)[0m  [1m[34mSELECT "schema_migrations"."version" FROM "schema_migrations" ORDER BY "schema_migrations"."version" ASC[0m
  ↳ /Users/headyt0pper/.rvm/gems/ruby-2.3.3/bin/rake:23
  [1m[35m (2.9ms)[0m  [1m[34mSELECT "ar_internal_metadata"."value" FROM "ar_internal_metadata" WHERE "ar_internal_metadata"."key" = ?[0m  [["key", "environment"]]
  ↳ /Users/headyt0pper/.rvm/gems/ruby-2.3.3/bin/rake:23
  [1m[35m (2.9ms)[0m  [1m[34mSELECT "schema_migrations"."version" FROM "schema_migrations" ORDER BY "schema_migrations"."version" ASC[0m
  ↳ /Users/headyt0pper/.rvm/gems/ruby-2.3.3/bin/rake:23
  [1m[35m (3.0ms)[0m  [1m[34mSELECT "ar_internal_metadata"."value" FROM "ar_internal_metadata" WHERE "ar_internal_metadata"."key" = ?[0m  [["key", "environment"]]
  ↳ /Users/headyt0pper/.rvm/gems/ruby-2.3.3/bin/rake:23
  [1m[36mActiveRecord::InternalMetadata Load (0.3ms)[0m  [1m[34mSELECT  "ar_internal_metadata".* FROM "ar_internal_metadata" WHERE "ar_internal_metadata"."key" = ? LIMIT ?[0m  [["key", "environment"], ["LIMIT", 1]]
  ↳ /Users/headyt0pper/.rvm/gems/ruby-2.3.3/bin/rake:23
  [1m[35m (0.1ms)[0m  [1m[36mbegin transaction[0m
  ↳ /Users/headyt0pper/.rvm/gems/ruby-2.3.3/bin/rake:23
  [1m[36mActiveRecord::InternalMetadata Create (2.4ms)[0m  [1m[32mINSERT INTO "ar_internal_metadata" ("key", "value", "created_at", "updated_at") VALUES (?, ?, ?, ?)[0m  [["key", "environment"], ["value", "development"], ["created_at", "2018-09-27 21:22:49.944399"], ["updated_at", "2018-09-27 21:22:49.944399"]]
  ↳ /Users/headyt0pper/.rvm/gems/ruby-2.3.3/bin/rake:23
  [1m[35m (4.8ms)[0m  [1m[36mcommit transaction[0m
  ↳ /Users/headyt0pper/.rvm/gems/ruby-2.3.3/bin/rake:23
  [1m[35m (0.2ms)[0m  [1m[34mSELECT "schema_migrations"."version" FROM "schema_migrations" ORDER BY "schema_migrations"."version" ASC[0m
  ↳ /Users/headyt0pper/.rvm/gems/ruby-2.3.3/bin/rake:23
  [1m[35m (0.2ms)[0m  [1m[34mSELECT "ar_internal_metadata"."value" FROM "ar_internal_metadata" WHERE "ar_internal_metadata"."key" = ?[0m  [["key", "environment"]]
  ↳ /Users/headyt0pper/.rvm/gems/ruby-2.3.3/bin/rake:23
  [1m[35m (0.1ms)[0m  [1m[34mSELECT "schema_migrations"."version" FROM "schema_migrations" ORDER BY "schema_migrations"."version" ASC[0m
  ↳ /Users/headyt0pper/.rvm/gems/ruby-2.3.3/bin/rake:23
  [1m[35m (0.1ms)[0m  [1m[34mSELECT "ar_internal_metadata"."value" FROM "ar_internal_metadata" WHERE "ar_internal_metadata"."key" = ?[0m  [["key", "environment"]]
  ↳ /Users/headyt0pper/.rvm/gems/ruby-2.3.3/bin/rake:23
  [1m[35m (0.1ms)[0m  [1m[34mSELECT "schema_migrations"."version" FROM "schema_migrations" ORDER BY "schema_migrations"."version" ASC[0m
  ↳ /Users/headyt0pper/.rvm/gems/ruby-2.3.3/bin/rake:23
  [1m[35m (0.1ms)[0m  [1m[34mSELECT "ar_internal_metadata"."value" FROM "ar_internal_metadata" WHERE "ar_internal_metadata"."key" = ?[0m  [["key", "environment"]]
  ↳ /Users/headyt0pper/.rvm/gems/ruby-2.3.3/bin/rake:23
  [1m[35m (0.2ms)[0m  [1m[34mSELECT sqlite_version(*)[0m
  ↳ /Users/headyt0pper/.rvm/gems/ruby-2.3.3/bin/rake:23
  [1m[35m (4.4ms)[0m  [1m[35mCREATE TABLE "schema_migrations" ("version" varchar NOT NULL PRIMARY KEY)[0m
  ↳ /Users/headyt0pper/.rvm/gems/ruby-2.3.3/bin/rake:23
  [1m[35m (5.1ms)[0m  [1m[35mCREATE TABLE "ar_internal_metadata" ("key" varchar NOT NULL PRIMARY KEY, "value" varchar, "created_at" datetime NOT NULL, "updated_at" datetime NOT NULL)[0m
  ↳ /Users/headyt0pper/.rvm/gems/ruby-2.3.3/bin/rake:23
  [1m[35m (0.2ms)[0m  [1m[34mSELECT "schema_migrations"."version" FROM "schema_migrations" ORDER BY "schema_migrations"."version" ASC[0m
  ↳ /Users/headyt0pper/.rvm/gems/ruby-2.3.3/bin/rake:23
Migrating to CreateRecipes (20180927202301)
  [1m[35m (0.1ms)[0m  [1m[36mbegin transaction[0m
  ↳ /Users/headyt0pper/.rvm/gems/ruby-2.3.3/bin/rake:23
  [1m[35m (0.8ms)[0m  [1m[35mCREATE TABLE "recipes" ("id" integer PRIMARY KEY AUTOINCREMENT NOT NULL, "name" varchar, "user_id" integer, "created_at" datetime NOT NULL, "updated_at" datetime NOT NULL)[0m
  ↳ db/migrate/20180927202301_create_recipes.rb:3
  [1m[36mActiveRecord::SchemaMigration Create (0.3ms)[0m  [1m[32mINSERT INTO "schema_migrations" ("version") VALUES (?)[0m  [["version", "20180927202301"]]
  ↳ /Users/headyt0pper/.rvm/gems/ruby-2.3.3/bin/rake:23
  [1m[35m (3.6ms)[0m  [1m[36mcommit transaction[0m
  ↳ /Users/headyt0pper/.rvm/gems/ruby-2.3.3/bin/rake:23
Migrating to CreateIngredients (20180927202331)
  [1m[35m (0.2ms)[0m  [1m[36mbegin transaction[0m
  ↳ /Users/headyt0pper/.rvm/gems/ruby-2.3.3/bin/rake:23
  [1m[35m (0.8ms)[0m  [1m[35mCREATE TABLE "ingredients" ("id" integer PRIMARY KEY AUTOINCREMENT NOT NULL, "name" varchar, "created_at" datetime NOT NULL, "updated_at" datetime NOT NULL)[0m
  ↳ db/migrate/20180927202331_create_ingredients.rb:3
  [1m[36mActiveRecord::SchemaMigration Create (0.4ms)[0m  [1m[32mINSERT INTO "schema_migrations" ("version") VALUES (?)[0m  [["version", "20180927202331"]]
  ↳ /Users/headyt0pper/.rvm/gems/ruby-2.3.3/bin/rake:23
  [1m[35m (3.7ms)[0m  [1m[36mcommit transaction[0m
  ↳ /Users/headyt0pper/.rvm/gems/ruby-2.3.3/bin/rake:23
Migrating to CreateUsers (20180927203150)
  [1m[35m (0.4ms)[0m  [1m[36mbegin transaction[0m
  ↳ /Users/headyt0pper/.rvm/gems/ruby-2.3.3/bin/rake:23
  [1m[35m (0.6ms)[0m  [1m[35mCREATE TABLE "users" ("id" integer PRIMARY KEY AUTOINCREMENT NOT NULL, "name" varchar, "created_at" datetime NOT NULL, "updated_at" datetime NOT NULL)[0m
  ↳ db/migrate/20180927203150_create_users.rb:3
  [1m[36mActiveRecord::SchemaMigration Create (1.0ms)[0m  [1m[32mINSERT INTO "schema_migrations" ("version") VALUES (?)[0m  [["version", "20180927203150"]]
  ↳ /Users/headyt0pper/.rvm/gems/ruby-2.3.3/bin/rake:23
  [1m[35m (3.5ms)[0m  [1m[36mcommit transaction[0m
  ↳ /Users/headyt0pper/.rvm/gems/ruby-2.3.3/bin/rake:23
Migrating to CreateRecipeIngredient (20180927212517)
  [1m[35m (0.1ms)[0m  [1m[36mbegin transaction[0m
  ↳ /Users/headyt0pper/.rvm/gems/ruby-2.3.3/bin/rake:23
  [1m[35m (0.7ms)[0m  [1m[35mCREATE TABLE "recipe_ingredients" ("id" integer PRIMARY KEY AUTOINCREMENT NOT NULL, "ingredient_id" integer NOT NULL, "recipe_id" integer NOT NULL)[0m
  ↳ db/migrate/20180927212517_create_recipe_ingredient.rb:3
  [1m[36mActiveRecord::SchemaMigration Create (0.4ms)[0m  [1m[32mINSERT INTO "schema_migrations" ("version") VALUES (?)[0m  [["version", "20180927212517"]]
  ↳ /Users/headyt0pper/.rvm/gems/ruby-2.3.3/bin/rake:23
  [1m[35m (3.1ms)[0m  [1m[36mcommit transaction[0m
  ↳ /Users/headyt0pper/.rvm/gems/ruby-2.3.3/bin/rake:23
  [1m[36mActiveRecord::InternalMetadata Load (0.3ms)[0m  [1m[34mSELECT  "ar_internal_metadata".* FROM "ar_internal_metadata" WHERE "ar_internal_metadata"."key" = ? LIMIT ?[0m  [["key", "environment"], ["LIMIT", 1]]
  ↳ /Users/headyt0pper/.rvm/gems/ruby-2.3.3/bin/rake:23
  [1m[35m (0.1ms)[0m  [1m[36mbegin transaction[0m
  ↳ /Users/headyt0pper/.rvm/gems/ruby-2.3.3/bin/rake:23
  [1m[36mActiveRecord::InternalMetadata Create (0.6ms)[0m  [1m[32mINSERT INTO "ar_internal_metadata" ("key", "value", "created_at", "updated_at") VALUES (?, ?, ?, ?)[0m  [["key", "environment"], ["value", "development"], ["created_at", "2018-09-27 21:26:07.101937"], ["updated_at", "2018-09-27 21:26:07.101937"]]
  ↳ /Users/headyt0pper/.rvm/gems/ruby-2.3.3/bin/rake:23
  [1m[35m (3.2ms)[0m  [1m[36mcommit transaction[0m
  ↳ /Users/headyt0pper/.rvm/gems/ruby-2.3.3/bin/rake:23
  [1m[35m (0.2ms)[0m  [1m[34mSELECT "schema_migrations"."version" FROM "schema_migrations" ORDER BY "schema_migrations"."version" ASC[0m
  ↳ /Users/headyt0pper/.rvm/gems/ruby-2.3.3/bin/rake:23
  [1m[35m (0.3ms)[0m  [1m[34mSELECT "schema_migrations"."version" FROM "schema_migrations" ORDER BY "schema_migrations"."version" ASC[0m
  ↳ /Users/headyt0pper/.rvm/gems/ruby-2.3.3/bin/rake:23
  [1m[35m (0.1ms)[0m  [1m[36mbegin transaction[0m
  ↳ db/seeds.rb:9
  [1m[36mUser Create (2.7ms)[0m  [1m[32mINSERT INTO "users" ("name", "created_at", "updated_at") VALUES (?, ?, ?)[0m  [["name", "Ralph"], ["created_at", "2018-09-27 21:26:16.060632"], ["updated_at", "2018-09-27 21:26:16.060632"]]
  ↳ db/seeds.rb:9
  [1m[35m (3.5ms)[0m  [1m[36mcommit transaction[0m
  ↳ db/seeds.rb:9
  [1m[35m (0.1ms)[0m  [1m[36mbegin transaction[0m
  ↳ db/seeds.rb:10
  [1m[36mUser Create (0.4ms)[0m  [1m[32mINSERT INTO "users" ("name", "created_at", "updated_at") VALUES (?, ?, ?)[0m  [["name", "April"], ["created_at", "2018-09-27 21:26:16.069589"], ["updated_at", "2018-09-27 21:26:16.069589"]]
  ↳ db/seeds.rb:10
  [1m[35m (2.9ms)[0m  [1m[36mcommit transaction[0m
  ↳ db/seeds.rb:10
  [1m[35m (0.1ms)[0m  [1m[36mbegin transaction[0m
  ↳ db/seeds.rb:11
  [1m[36mUser Create (0.4ms)[0m  [1m[32mINSERT INTO "users" ("name", "created_at", "updated_at") VALUES (?, ?, ?)[0m  [["name", "Alex"], ["created_at", "2018-09-27 21:26:16.074887"], ["updated_at", "2018-09-27 21:26:16.074887"]]
  ↳ db/seeds.rb:11
  [1m[35m (6.1ms)[0m  [1m[36mcommit transaction[0m
  ↳ db/seeds.rb:11
  [1m[35m (0.1ms)[0m  [1m[36mbegin transaction[0m
  ↳ db/seeds.rb:13
  [1m[36mUser Load (0.3ms)[0m  [1m[34mSELECT  "users".* FROM "users" WHERE "users"."id" = ? LIMIT ?[0m  [["id", 1], ["LIMIT", 1]]
  ↳ db/seeds.rb:13
  [1m[36mRecipe Create (2.8ms)[0m  [1m[32mINSERT INTO "recipes" ("name", "user_id", "created_at", "updated_at") VALUES (?, ?, ?, ?)[0m  [["name", "Lasagna"], ["user_id", 1], ["created_at", "2018-09-27 21:26:16.134678"], ["updated_at", "2018-09-27 21:26:16.134678"]]
  ↳ db/seeds.rb:13
  [1m[35m (3.4ms)[0m  [1m[36mcommit transaction[0m
  ↳ db/seeds.rb:13
  [1m[35m (0.1ms)[0m  [1m[36mbegin transaction[0m
  ↳ db/seeds.rb:14
  [1m[36mUser Load (0.2ms)[0m  [1m[34mSELECT  "users".* FROM "users" WHERE "users"."id" = ? LIMIT ?[0m  [["id", 2], ["LIMIT", 1]]
  ↳ db/seeds.rb:14
  [1m[36mRecipe Create (0.5ms)[0m  [1m[32mINSERT INTO "recipes" ("name", "user_id", "created_at", "updated_at") VALUES (?, ?, ?, ?)[0m  [["name", "Cereal"], ["user_id", 2], ["created_at", "2018-09-27 21:26:16.144706"], ["updated_at", "2018-09-27 21:26:16.144706"]]
  ↳ db/seeds.rb:14
  [1m[35m (3.7ms)[0m  [1m[36mcommit transaction[0m
  ↳ db/seeds.rb:14
  [1m[35m (0.1ms)[0m  [1m[36mbegin transaction[0m
  ↳ db/seeds.rb:15
  [1m[36mUser Load (0.1ms)[0m  [1m[34mSELECT  "users".* FROM "users" WHERE "users"."id" = ? LIMIT ?[0m  [["id", 3], ["LIMIT", 1]]
  ↳ db/seeds.rb:15
  [1m[36mRecipe Create (0.4ms)[0m  [1m[32mINSERT INTO "recipes" ("name", "user_id", "created_at", "updated_at") VALUES (?, ?, ?, ?)[0m  [["name", "Sandwhich"], ["user_id", 3], ["created_at", "2018-09-27 21:26:16.152636"], ["updated_at", "2018-09-27 21:26:16.152636"]]
  ↳ db/seeds.rb:15
  [1m[35m (2.6ms)[0m  [1m[36mcommit transaction[0m
  ↳ db/seeds.rb:15
  [1m[35m (0.1ms)[0m  [1m[36mbegin transaction[0m
  ↳ db/seeds.rb:16
  [1m[36mUser Load (0.1ms)[0m  [1m[34mSELECT  "users".* FROM "users" WHERE "users"."id" = ? LIMIT ?[0m  [["id", 3], ["LIMIT", 1]]
  ↳ db/seeds.rb:16
  [1m[36mRecipe Create (0.4ms)[0m  [1m[32mINSERT INTO "recipes" ("name", "user_id", "created_at", "updated_at") VALUES (?, ?, ?, ?)[0m  [["name", "Ramen"], ["user_id", 3], ["created_at", "2018-09-27 21:26:16.158792"], ["updated_at", "2018-09-27 21:26:16.158792"]]
  ↳ db/seeds.rb:16
  [1m[35m (8.7ms)[0m  [1m[36mcommit transaction[0m
  ↳ db/seeds.rb:16
  [1m[35m (0.1ms)[0m  [1m[36mbegin transaction[0m
  ↳ db/seeds.rb:18
  [1m[36mIngredient Create (5.2ms)[0m  [1m[32mINSERT INTO "ingredients" ("name", "created_at", "updated_at") VALUES (?, ?, ?)[0m  [["name", "noodle"], ["created_at", "2018-09-27 21:26:16.199497"], ["updated_at", "2018-09-27 21:26:16.199497"]]
  ↳ db/seeds.rb:18
  [1m[35m (2.8ms)[0m  [1m[36mcommit transaction[0m
  ↳ db/seeds.rb:18
  [1m[35m (0.1ms)[0m  [1m[36mbegin transaction[0m
  ↳ db/seeds.rb:19
  [1m[36mIngredient Create (0.5ms)[0m  [1m[32mINSERT INTO "ingredients" ("name", "created_at", "updated_at") VALUES (?, ?, ?)[0m  [["name", "milk"], ["created_at", "2018-09-27 21:26:16.209998"], ["updated_at", "2018-09-27 21:26:16.209998"]]
  ↳ db/seeds.rb:19
  [1m[35m (3.5ms)[0m  [1m[36mcommit transaction[0m
  ↳ db/seeds.rb:19
  [1m[35m (0.1ms)[0m  [1m[36mbegin transaction[0m
  ↳ db/seeds.rb:20
  [1m[36mIngredient Create (0.5ms)[0m  [1m[32mINSERT INTO "ingredients" ("name", "created_at", "updated_at") VALUES (?, ?, ?)[0m  [["name", "peanuts"], ["created_at", "2018-09-27 21:26:16.217471"], ["updated_at", "2018-09-27 21:26:16.217471"]]
  ↳ db/seeds.rb:20
  [1m[35m (2.9ms)[0m  [1m[36mcommit transaction[0m
  ↳ db/seeds.rb:20
  [1m[35m (0.1ms)[0m  [1m[36mbegin transaction[0m
  ↳ db/seeds.rb:21
  [1m[36mIngredient Create (0.4ms)[0m  [1m[32mINSERT INTO "ingredients" ("name", "created_at", "updated_at") VALUES (?, ?, ?)[0m  [["name", "tomato"], ["created_at", "2018-09-27 21:26:16.222811"], ["updated_at", "2018-09-27 21:26:16.222811"]]
  ↳ db/seeds.rb:21
  [1m[35m (2.9ms)[0m  [1m[36mcommit transaction[0m
  ↳ db/seeds.rb:21
  [1m[35m (0.1ms)[0m  [1m[36mbegin transaction[0m
  ↳ db/seeds.rb:22
  [1m[36mIngredient Create (0.6ms)[0m  [1m[32mINSERT INTO "ingredients" ("name", "created_at", "updated_at") VALUES (?, ?, ?)[0m  [["name", "grain"], ["created_at", "2018-09-27 21:26:16.228360"], ["updated_at", "2018-09-27 21:26:16.228360"]]
  ↳ db/seeds.rb:22
  [1m[35m (2.6ms)[0m  [1m[36mcommit transaction[0m
  ↳ db/seeds.rb:22
  [1m[35m (0.1ms)[0m  [1m[36mbegin transaction[0m
  ↳ db/seeds.rb:23
  [1m[36mIngredient Create (0.4ms)[0m  [1m[32mINSERT INTO "ingredients" ("name", "created_at", "updated_at") VALUES (?, ?, ?)[0m  [["name", "cheese"], ["created_at", "2018-09-27 21:26:16.233957"], ["updated_at", "2018-09-27 21:26:16.233957"]]
  ↳ db/seeds.rb:23
  [1m[35m (2.6ms)[0m  [1m[36mcommit transaction[0m
  ↳ db/seeds.rb:23
  [1m[35m (0.1ms)[0m  [1m[36mbegin transaction[0m
  ↳ db/seeds.rb:24
  [1m[36mIngredient Create (0.4ms)[0m  [1m[32mINSERT INTO "ingredients" ("name", "created_at", "updated_at") VALUES (?, ?, ?)[0m  [["name", "broth"], ["created_at", "2018-09-27 21:26:16.239263"], ["updated_at", "2018-09-27 21:26:16.239263"]]
  ↳ db/seeds.rb:24
  [1m[35m (2.7ms)[0m  [1m[36mcommit transaction[0m
  ↳ db/seeds.rb:24
  [1m[35m (0.1ms)[0m  [1m[36mbegin transaction[0m
  ↳ db/seeds.rb:26
  [1m[36mRecipe Load (0.3ms)[0m  [1m[34mSELECT  "recipes".* FROM "recipes" WHERE "recipes"."id" = ? LIMIT ?[0m  [["id", 1], ["LIMIT", 1]]
  ↳ db/seeds.rb:26
  [1m[36mIngredient Load (0.2ms)[0m  [1m[34mSELECT  "ingredients".* FROM "ingredients" WHERE "ingredients"."id" = ? LIMIT ?[0m  [["id", 6], ["LIMIT", 1]]
  ↳ db/seeds.rb:26
  [1m[36mRecipeIngredient Create (2.4ms)[0m  [1m[32mINSERT INTO "recipe_ingredients" ("ingredient_id", "recipe_id") VALUES (?, ?)[0m  [["ingredient_id", 6], ["recipe_id", 1]]
  ↳ db/seeds.rb:26
  [1m[35m (3.3ms)[0m  [1m[36mcommit transaction[0m
  ↳ db/seeds.rb:26
  [1m[35m (0.1ms)[0m  [1m[36mbegin transaction[0m
  ↳ db/seeds.rb:27
  [1m[36mRecipe Load (0.2ms)[0m  [1m[34mSELECT  "recipes".* FROM "recipes" WHERE "recipes"."id" = ? LIMIT ?[0m  [["id", 1], ["LIMIT", 1]]
  ↳ db/seeds.rb:27
  [1m[36mIngredient Load (0.1ms)[0m  [1m[34mSELECT  "ingredients".* FROM "ingredients" WHERE "ingredients"."id" = ? LIMIT ?[0m  [["id", 4], ["LIMIT", 1]]
  ↳ db/seeds.rb:27
  [1m[36mRecipeIngredient Create (0.4ms)[0m  [1m[32mINSERT INTO "recipe_ingredients" ("ingredient_id", "recipe_id") VALUES (?, ?)[0m  [["ingredient_id", 4], ["recipe_id", 1]]
  ↳ db/seeds.rb:27
  [1m[35m (3.1ms)[0m  [1m[36mcommit transaction[0m
  ↳ db/seeds.rb:27
  [1m[35m (0.1ms)[0m  [1m[36mbegin transaction[0m
  ↳ db/seeds.rb:28
  [1m[36mRecipe Load (0.2ms)[0m  [1m[34mSELECT  "recipes".* FROM "recipes" WHERE "recipes"."id" = ? LIMIT ?[0m  [["id", 2], ["LIMIT", 1]]
  ↳ db/seeds.rb:28
  [1m[36mIngredient Load (0.1ms)[0m  [1m[34mSELECT  "ingredients".* FROM "ingredients" WHERE "ingredients"."id" = ? LIMIT ?[0m  [["id", 2], ["LIMIT", 1]]
  ↳ db/seeds.rb:28
  [1m[36mRecipeIngredient Create (0.6ms)[0m  [1m[32mINSERT INTO "recipe_ingredients" ("ingredient_id", "recipe_id") VALUES (?, ?)[0m  [["ingredient_id", 2], ["recipe_id", 2]]
  ↳ db/seeds.rb:28
  [1m[35m (2.6ms)[0m  [1m[36mcommit transaction[0m
  ↳ db/seeds.rb:28
  [1m[35m (0.1ms)[0m  [1m[36mbegin transaction[0m
  ↳ db/seeds.rb:29
  [1m[36mRecipe Load (0.2ms)[0m  [1m[34mSELECT  "recipes".* FROM "recipes" WHERE "recipes"."id" = ? LIMIT ?[0m  [["id", 3], ["LIMIT", 1]]
  ↳ db/seeds.rb:29
  [1m[36mIngredient Load (0.1ms)[0m  [1m[34mSELECT  "ingredients".* FROM "ingredients" WHERE "ingredients"."id" = ? LIMIT ?[0m  [["id", 5], ["LIMIT", 1]]
  ↳ db/seeds.rb:29
  [1m[36mRecipeIngredient Create (0.4ms)[0m  [1m[32mINSERT INTO "recipe_ingredients" ("ingredient_id", "recipe_id") VALUES (?, ?)[0m  [["ingredient_id", 5], ["recipe_id", 3]]
  ↳ db/seeds.rb:29
  [1m[35m (2.8ms)[0m  [1m[36mcommit transaction[0m
  ↳ db/seeds.rb:29
  [1m[35m (0.1ms)[0m  [1m[36mbegin transaction[0m
  ↳ db/seeds.rb:30
  [1m[36mRecipe Load (0.1ms)[0m  [1m[34mSELECT  "recipes".* FROM "recipes" WHERE "recipes"."id" = ? LIMIT ?[0m  [["id", 4], ["LIMIT", 1]]
  ↳ db/seeds.rb:30
  [1m[36mIngredient Load (0.1ms)[0m  [1m[34mSELECT  "ingredients".* FROM "ingredients" WHERE "ingredients"."id" = ? LIMIT ?[0m  [["id", 7], ["LIMIT", 1]]
  ↳ db/seeds.rb:30
  [1m[36mRecipeIngredient Create (0.3ms)[0m  [1m[32mINSERT INTO "recipe_ingredients" ("ingredient_id", "recipe_id") VALUES (?, ?)[0m  [["ingredient_id", 7], ["recipe_id", 4]]
  ↳ db/seeds.rb:30
  [1m[35m (2.9ms)[0m  [1m[36mcommit transaction[0m
  ↳ db/seeds.rb:30
  [1m[36mRecipeIngredient Load (6.9ms)[0m  [1m[34mSELECT  "recipe_ingredients".* FROM "recipe_ingredients" LIMIT ?[0m  [["LIMIT", 11]]
  [1m[36mUser Load (2.2ms)[0m  [1m[34mSELECT  "users".* FROM "users" ORDER BY "users"."id" ASC LIMIT ?[0m  [["LIMIT", 1]]
  [1m[36mRecipe Load (2.6ms)[0m  [1m[34mSELECT  "recipes".* FROM "recipes" ORDER BY "recipes"."id" ASC LIMIT ?[0m  [["LIMIT", 1]]
  [1m[36mRecipe Load (0.3ms)[0m  [1m[34mSELECT  "recipes".* FROM "recipes" WHERE "recipes"."user_id" = ? LIMIT ?[0m  [["user_id", 1], ["LIMIT", 11]]
  [1m[36mRecipe Load (0.4ms)[0m  [1m[34mSELECT  "recipes".* FROM "recipes" WHERE "recipes"."user_id" = ? ORDER BY "recipes"."id" ASC LIMIT ?[0m  [["user_id", 1], ["LIMIT", 1]]
  [1m[36mRecipe Load (0.1ms)[0m  [1m[34mSELECT  "recipes".* FROM "recipes" WHERE "recipes"."user_id" = ? ORDER BY "recipes"."id" ASC LIMIT ?[0m  [["user_id", 1], ["LIMIT", 1]]
  [1m[36mIngredient Load (3.3ms)[0m  [1m[34mSELECT  "ingredients".* FROM "ingredients" INNER JOIN "recipe_ingredients" ON "ingredients"."id" = "recipe_ingredients"."ingredient_id" WHERE "recipe_ingredients"."recipe_id" = ? ORDER BY "ingredients"."id" ASC LIMIT ?[0m  [["recipe_id", 1], ["LIMIT", 1]]
  [1m[36mIngredient Load (0.4ms)[0m  [1m[34mSELECT  "ingredients".* FROM "ingredients" INNER JOIN "recipe_ingredients" ON "ingredients"."id" = "recipe_ingredients"."ingredient_id" WHERE "recipe_ingredients"."recipe_id" = ? LIMIT ?[0m  [["recipe_id", 1], ["LIMIT", 11]]
